find_library: checking for main() in -lopenblas... -------------------- yes

"gcc -o conftest -I/home/sameer/.rvm/rubies/ruby-2.1.0/include/ruby-2.1.0/i686-linux -I/home/sameer/.rvm/rubies/ruby-2.1.0/include/ruby-2.1.0/ruby/backward -I/home/sameer/.rvm/rubies/ruby-2.1.0/include/ruby-2.1.0 -I../../../../ext/nm_lapacke -I/home/sameer/github_repos/scratch/ruby_c_exp/nm_lapacke/ext/nm_lapacke/include  -D_FILE_OFFSET_BITS=64   -O3 -fno-fast-math -ggdb3 -Wall -Wextra -Wno-unused-parameter -Wno-parentheses -Wno-long-long -Wno-missing-field-initializers -Wunused-variable -Wpointer-arith -Wwrite-strings -Wdeclaration-after-statement -Wimplicit-function-declaration  -fPIC conftest.c  -L. -L/home/sameer/.rvm/rubies/ruby-2.1.0/lib -Wl,-R/home/sameer/.rvm/rubies/ruby-2.1.0/lib -L/home/sameer/.rvm/rubies/ruby-2.1.0/lib -Wl,-R/home/sameer/.rvm/rubies/ruby-2.1.0/lib -L/home/sameer/github_repos/scratch/ruby_c_exp/nm_lapacke/ext/nm_lapacke/bin -Wl,-R/home/sameer/github_repos/scratch/ruby_c_exp/nm_lapacke/ext/nm_lapacke/bin -L. -fstack-protector -rdynamic -Wl,-export-dynamic     -Wl,-rpath,'/../lib' -Wl,-R -Wl,'/../lib' -L'/../lib' -lruby  -lpthread -lrt -ldl -lcrypt -lm   -lc"
checked program was:
/* begin */
1: #include "ruby.h"
2: 
3: int main(int argc, char **argv)
4: {
5:   return 0;
6: }
/* end */

"gcc -o conftest -I/home/sameer/.rvm/rubies/ruby-2.1.0/include/ruby-2.1.0/i686-linux -I/home/sameer/.rvm/rubies/ruby-2.1.0/include/ruby-2.1.0/ruby/backward -I/home/sameer/.rvm/rubies/ruby-2.1.0/include/ruby-2.1.0 -I../../../../ext/nm_lapacke -I/home/sameer/github_repos/scratch/ruby_c_exp/nm_lapacke/ext/nm_lapacke/include  -D_FILE_OFFSET_BITS=64   -O3 -fno-fast-math -ggdb3 -Wall -Wextra -Wno-unused-parameter -Wno-parentheses -Wno-long-long -Wno-missing-field-initializers -Wunused-variable -Wpointer-arith -Wwrite-strings -Wdeclaration-after-statement -Wimplicit-function-declaration  -fPIC conftest.c  -L. -L/home/sameer/.rvm/rubies/ruby-2.1.0/lib -Wl,-R/home/sameer/.rvm/rubies/ruby-2.1.0/lib -L/home/sameer/.rvm/rubies/ruby-2.1.0/lib -Wl,-R/home/sameer/.rvm/rubies/ruby-2.1.0/lib -L/home/sameer/github_repos/scratch/ruby_c_exp/nm_lapacke/ext/nm_lapacke/bin -Wl,-R/home/sameer/github_repos/scratch/ruby_c_exp/nm_lapacke/ext/nm_lapacke/bin -L. -fstack-protector -rdynamic -Wl,-export-dynamic     -Wl,-rpath,'/../lib' -Wl,-R -Wl,'/../lib' -L'/../lib' -lruby -lopenblas  -lpthread -lrt -ldl -lcrypt -lm   -lc"
conftest.c: In function ‘t’:
conftest.c:13:32: warning: variable ‘p’ set but not used [-Wunused-but-set-variable]
checked program was:
/* begin */
 1: #include "ruby.h"
 2: 
 3: /*top*/
 4: extern int t(void);
 5: int main(int argc, char **argv)
 6: {
 7:   if (argc > 1000000) {
 8:     printf("%p", &t);
 9:   }
10: 
11:   return 0;
12: }
13: int t(void) { void ((*volatile p)()); p = (void ((*)()))main; return 0; }
/* end */

--------------------

have_header: checking for nmatrix.h... -------------------- yes

"gcc -E -I/home/sameer/.rvm/rubies/ruby-2.1.0/include/ruby-2.1.0/i686-linux -I/home/sameer/.rvm/rubies/ruby-2.1.0/include/ruby-2.1.0/ruby/backward -I/home/sameer/.rvm/rubies/ruby-2.1.0/include/ruby-2.1.0 -I../../../../ext/nm_lapacke  -I/home/sameer/.rvm/gems/ruby-2.1.0/gems/nmatrix-0.1.0/../../extensions/x86-linux/2.1.0/nmatrix-0.1.0 -I/home/sameer/.rvm/rubies/ruby-2.1.0/lib/ruby/site_ruby/2.1.0/i686-linux -I/home/sameer/github_repos/scratch/ruby_c_exp/nm_lapacke/ext/nm_lapacke/include  -D_FILE_OFFSET_BITS=64   -O3 -fno-fast-math -ggdb3 -Wall -Wextra -Wno-unused-parameter -Wno-parentheses -Wno-long-long -Wno-missing-field-initializers -Wunused-variable -Wpointer-arith -Wwrite-strings -Wdeclaration-after-statement -Wimplicit-function-declaration  -fPIC  conftest.c -o conftest.i"
checked program was:
/* begin */
1: #include "ruby.h"
2: 
3: #include <nmatrix.h>
/* end */

--------------------

find_header: checking for lapacke.h... -------------------- yes

"gcc -E -I/home/sameer/.rvm/rubies/ruby-2.1.0/include/ruby-2.1.0/i686-linux -I/home/sameer/.rvm/rubies/ruby-2.1.0/include/ruby-2.1.0/ruby/backward -I/home/sameer/.rvm/rubies/ruby-2.1.0/include/ruby-2.1.0 -I../../../../ext/nm_lapacke  -I/home/sameer/.rvm/gems/ruby-2.1.0/gems/nmatrix-0.1.0/../../extensions/x86-linux/2.1.0/nmatrix-0.1.0 -I/home/sameer/.rvm/rubies/ruby-2.1.0/lib/ruby/site_ruby/2.1.0/i686-linux -I/home/sameer/github_repos/scratch/ruby_c_exp/nm_lapacke/ext/nm_lapacke/include  -D_FILE_OFFSET_BITS=64   -O3 -fno-fast-math -ggdb3 -Wall -Wextra -Wno-unused-parameter -Wno-parentheses -Wno-long-long -Wno-missing-field-initializers -Wunused-variable -Wpointer-arith -Wwrite-strings -Wdeclaration-after-statement -Wimplicit-function-declaration  -fPIC  conftest.c -o conftest.i"
checked program was:
/* begin */
1: #include "ruby.h"
2: 
3: #include <lapacke.h>
/* end */

--------------------

