have_header: checking for nmatrix.h... -------------------- no

"gcc -o conftest -I/home/sameer/.rvm/rubies/ruby-2.3.0/include/ruby-2.3.0/i686-linux -I/home/sameer/.rvm/rubies/ruby-2.3.0/include/ruby-2.3.0/ruby/backward -I/home/sameer/.rvm/rubies/ruby-2.3.0/include/ruby-2.3.0 -I../../../../ext/nm_clapack  -I/home/sameer/.rvm/gems/ruby-2.3.0/gems/nmatrix-0.2.0/home/sameer/.rvm/gems/ruby-2.3.0/extensions/x86-linux/2.3.0/nmatrix-0.2.0 -I/home/sameer/.rvm/rubies/ruby-2.3.0/lib/ruby/site_ruby/2.3.0/i686-linux -I/home/sameer/github_repos/scratch/ruby_c_exp/nm_clapack/ext/nm_clapack/include  -D_FILE_OFFSET_BITS=64   -O3 -fno-fast-math -ggdb3 -Wall -Wextra -Wno-unused-parameter -Wno-parentheses -Wno-long-long -Wno-missing-field-initializers -Wunused-variable -Wpointer-arith -Wwrite-strings -Wdeclaration-after-statement -Wimplicit-function-declaration -Wdeprecated-declarations -Wno-packed-bitfield-compat  -fPIC conftest.c  -L. -L/home/sameer/.rvm/rubies/ruby-2.3.0/lib -Wl,-R/home/sameer/.rvm/rubies/ruby-2.3.0/lib -L/home/sameer/.rvm/rubies/ruby-2.3.0/lib/ruby/site_ruby/2.3.0/i686-linux -Wl,-R/home/sameer/.rvm/rubies/ruby-2.3.0/lib/ruby/site_ruby/2.3.0/i686-linux -L/home/sameer/.rvm/rubies/ruby-2.3.0/lib -Wl,-R/home/sameer/.rvm/rubies/ruby-2.3.0/lib -L. -fstack-protector -rdynamic -Wl,-export-dynamic     -Wl,-R/home/sameer/.rvm/rubies/ruby-2.3.0/lib -L/home/sameer/.rvm/rubies/ruby-2.3.0/lib -lruby  -lpthread -lgmp -ldl -lcrypt -lm   -lc"
checked program was:
/* begin */
1: #include "ruby.h"
2: 
3: int main(int argc, char **argv)
4: {
5:   return 0;
6: }
/* end */

"gcc -E -I/home/sameer/.rvm/rubies/ruby-2.3.0/include/ruby-2.3.0/i686-linux -I/home/sameer/.rvm/rubies/ruby-2.3.0/include/ruby-2.3.0/ruby/backward -I/home/sameer/.rvm/rubies/ruby-2.3.0/include/ruby-2.3.0 -I../../../../ext/nm_clapack  -I/home/sameer/.rvm/gems/ruby-2.3.0/gems/nmatrix-0.2.0/home/sameer/.rvm/gems/ruby-2.3.0/extensions/x86-linux/2.3.0/nmatrix-0.2.0 -I/home/sameer/.rvm/rubies/ruby-2.3.0/lib/ruby/site_ruby/2.3.0/i686-linux -I/home/sameer/github_repos/scratch/ruby_c_exp/nm_clapack/ext/nm_clapack/include  -D_FILE_OFFSET_BITS=64   -O3 -fno-fast-math -ggdb3 -Wall -Wextra -Wno-unused-parameter -Wno-parentheses -Wno-long-long -Wno-missing-field-initializers -Wunused-variable -Wpointer-arith -Wwrite-strings -Wdeclaration-after-statement -Wimplicit-function-declaration -Wdeprecated-declarations -Wno-packed-bitfield-compat  -fPIC  conftest.c -o conftest.i"
conftest.c:3:21: fatal error: nmatrix.h: No such file or directory
 #include <nmatrix.h>
                     ^
compilation terminated.
checked program was:
/* begin */
1: #include "ruby.h"
2: 
3: #include <nmatrix.h>
/* end */

--------------------

find_header: checking for clapack.h... -------------------- no

"gcc -E -I/home/sameer/.rvm/rubies/ruby-2.3.0/include/ruby-2.3.0/i686-linux -I/home/sameer/.rvm/rubies/ruby-2.3.0/include/ruby-2.3.0/ruby/backward -I/home/sameer/.rvm/rubies/ruby-2.3.0/include/ruby-2.3.0 -I../../../../ext/nm_clapack  -I/home/sameer/.rvm/gems/ruby-2.3.0/gems/nmatrix-0.2.0/home/sameer/.rvm/gems/ruby-2.3.0/extensions/x86-linux/2.3.0/nmatrix-0.2.0 -I/home/sameer/.rvm/rubies/ruby-2.3.0/lib/ruby/site_ruby/2.3.0/i686-linux -I/home/sameer/github_repos/scratch/ruby_c_exp/nm_clapack/ext/nm_clapack/include  -D_FILE_OFFSET_BITS=64   -O3 -fno-fast-math -ggdb3 -Wall -Wextra -Wno-unused-parameter -Wno-parentheses -Wno-long-long -Wno-missing-field-initializers -Wunused-variable -Wpointer-arith -Wwrite-strings -Wdeclaration-after-statement -Wimplicit-function-declaration -Wdeprecated-declarations -Wno-packed-bitfield-compat  -fPIC  conftest.c -o conftest.i"
conftest.c:3:21: fatal error: clapack.h: No such file or directory
 #include <clapack.h>
                     ^
compilation terminated.
checked program was:
/* begin */
1: #include "ruby.h"
2: 
3: #include <clapack.h>
/* end */

--------------------

