have_header: checking for nmatrix.h... -------------------- yes

"gcc -o conftest -I/home/sameer/.rvm/rubies/ruby-2.1.0/include/ruby-2.1.0/i686-linux -I/home/sameer/.rvm/rubies/ruby-2.1.0/include/ruby-2.1.0/ruby/backward -I/home/sameer/.rvm/rubies/ruby-2.1.0/include/ruby-2.1.0 -I../../../../ext/nm_clapack  -I/home/sameer/.rvm/gems/ruby-2.1.0/gems/nmatrix-0.1.0/../../extensions/x86-linux/2.1.0/nmatrix-0.1.0 -I/home/sameer/.rvm/rubies/ruby-2.1.0/lib/ruby/site_ruby/2.1.0/i686-linux -I/home/sameer/github_repos/scratch/ruby_c_exp/nm_clapack/ext/nm_clapack/include  -D_FILE_OFFSET_BITS=64   -O3 -fno-fast-math -ggdb3 -Wall -Wextra -Wno-unused-parameter -Wno-parentheses -Wno-long-long -Wno-missing-field-initializers -Wunused-variable -Wpointer-arith -Wwrite-strings -Wdeclaration-after-statement -Wimplicit-function-declaration  -fPIC conftest.c  -L. -L/home/sameer/.rvm/rubies/ruby-2.1.0/lib -Wl,-R/home/sameer/.rvm/rubies/ruby-2.1.0/lib -L/home/sameer/.rvm/rubies/ruby-2.1.0/lib/ruby/site_ruby/2.1.0/i686-linux -Wl,-R/home/sameer/.rvm/rubies/ruby-2.1.0/lib/ruby/site_ruby/2.1.0/i686-linux -L/home/sameer/.rvm/rubies/ruby-2.1.0/lib -Wl,-R/home/sameer/.rvm/rubies/ruby-2.1.0/lib -L. -fstack-protector -rdynamic -Wl,-export-dynamic     -Wl,-rpath,'/../lib' -Wl,-R -Wl,'/../lib' -L'/../lib' -lruby  -lpthread -lrt -ldl -lcrypt -lm   -lc"
checked program was:
/* begin */
1: #include "ruby.h"
2: 
3: int main(int argc, char **argv)
4: {
5:   return 0;
6: }
/* end */

"gcc -E -I/home/sameer/.rvm/rubies/ruby-2.1.0/include/ruby-2.1.0/i686-linux -I/home/sameer/.rvm/rubies/ruby-2.1.0/include/ruby-2.1.0/ruby/backward -I/home/sameer/.rvm/rubies/ruby-2.1.0/include/ruby-2.1.0 -I../../../../ext/nm_clapack  -I/home/sameer/.rvm/gems/ruby-2.1.0/gems/nmatrix-0.1.0/../../extensions/x86-linux/2.1.0/nmatrix-0.1.0 -I/home/sameer/.rvm/rubies/ruby-2.1.0/lib/ruby/site_ruby/2.1.0/i686-linux -I/home/sameer/github_repos/scratch/ruby_c_exp/nm_clapack/ext/nm_clapack/include  -D_FILE_OFFSET_BITS=64   -O3 -fno-fast-math -ggdb3 -Wall -Wextra -Wno-unused-parameter -Wno-parentheses -Wno-long-long -Wno-missing-field-initializers -Wunused-variable -Wpointer-arith -Wwrite-strings -Wdeclaration-after-statement -Wimplicit-function-declaration  -fPIC  conftest.c -o conftest.i"
checked program was:
/* begin */
1: #include "ruby.h"
2: 
3: #include <nmatrix.h>
/* end */

--------------------

find_header: checking for clapack.h... -------------------- yes

"gcc -E -I/home/sameer/.rvm/rubies/ruby-2.1.0/include/ruby-2.1.0/i686-linux -I/home/sameer/.rvm/rubies/ruby-2.1.0/include/ruby-2.1.0/ruby/backward -I/home/sameer/.rvm/rubies/ruby-2.1.0/include/ruby-2.1.0 -I../../../../ext/nm_clapack  -I/home/sameer/.rvm/gems/ruby-2.1.0/gems/nmatrix-0.1.0/../../extensions/x86-linux/2.1.0/nmatrix-0.1.0 -I/home/sameer/.rvm/rubies/ruby-2.1.0/lib/ruby/site_ruby/2.1.0/i686-linux -I/home/sameer/github_repos/scratch/ruby_c_exp/nm_clapack/ext/nm_clapack/include  -D_FILE_OFFSET_BITS=64   -O3 -fno-fast-math -ggdb3 -Wall -Wextra -Wno-unused-parameter -Wno-parentheses -Wno-long-long -Wno-missing-field-initializers -Wunused-variable -Wpointer-arith -Wwrite-strings -Wdeclaration-after-statement -Wimplicit-function-declaration  -fPIC  conftest.c -o conftest.i"
checked program was:
/* begin */
1: #include "ruby.h"
2: 
3: #include <clapack.h>
/* end */

--------------------

find_header: checking for f2c.h... -------------------- yes

"gcc -E -I/home/sameer/.rvm/rubies/ruby-2.1.0/include/ruby-2.1.0/i686-linux -I/home/sameer/.rvm/rubies/ruby-2.1.0/include/ruby-2.1.0/ruby/backward -I/home/sameer/.rvm/rubies/ruby-2.1.0/include/ruby-2.1.0 -I../../../../ext/nm_clapack  -I/home/sameer/.rvm/gems/ruby-2.1.0/gems/nmatrix-0.1.0/../../extensions/x86-linux/2.1.0/nmatrix-0.1.0 -I/home/sameer/.rvm/rubies/ruby-2.1.0/lib/ruby/site_ruby/2.1.0/i686-linux -I/home/sameer/github_repos/scratch/ruby_c_exp/nm_clapack/ext/nm_clapack/include  -D_FILE_OFFSET_BITS=64   -O3 -fno-fast-math -ggdb3 -Wall -Wextra -Wno-unused-parameter -Wno-parentheses -Wno-long-long -Wno-missing-field-initializers -Wunused-variable -Wpointer-arith -Wwrite-strings -Wdeclaration-after-statement -Wimplicit-function-declaration  -fPIC  conftest.c -o conftest.i"
checked program was:
/* begin */
1: #include "ruby.h"
2: 
3: #include <f2c.h>
/* end */

--------------------

find_header: checking for blaswrap.h... -------------------- yes

"gcc -E -I/home/sameer/.rvm/rubies/ruby-2.1.0/include/ruby-2.1.0/i686-linux -I/home/sameer/.rvm/rubies/ruby-2.1.0/include/ruby-2.1.0/ruby/backward -I/home/sameer/.rvm/rubies/ruby-2.1.0/include/ruby-2.1.0 -I../../../../ext/nm_clapack  -I/home/sameer/.rvm/gems/ruby-2.1.0/gems/nmatrix-0.1.0/../../extensions/x86-linux/2.1.0/nmatrix-0.1.0 -I/home/sameer/.rvm/rubies/ruby-2.1.0/lib/ruby/site_ruby/2.1.0/i686-linux -I/home/sameer/github_repos/scratch/ruby_c_exp/nm_clapack/ext/nm_clapack/include  -D_FILE_OFFSET_BITS=64   -O3 -fno-fast-math -ggdb3 -Wall -Wextra -Wno-unused-parameter -Wno-parentheses -Wno-long-long -Wno-missing-field-initializers -Wunused-variable -Wpointer-arith -Wwrite-strings -Wdeclaration-after-statement -Wimplicit-function-declaration  -fPIC  conftest.c -o conftest.i"
checked program was:
/* begin */
1: #include "ruby.h"
2: 
3: #include <blaswrap.h>
/* end */

--------------------

